<?xml version="1.0" encoding="UTF-8"?>
<testsuite name="frontend.IntLiteralExtensionTests" tests="1" skipped="0" failures="0" errors="0" timestamp="2021-03-19T15:28:22" hostname="Hos-MacBook-Pro" time="0.003">
  <properties/>
  <testcase name="validExtensionIntegerLiteralsTest" classname="frontend.IntLiteralExtensionTests" time="0.003"/>
  <system-out><![CDATA[]]></system-out>
  <system-err><![CDATA[]]></system-err>
</testsuite>
