<?xml version="1.0" encoding="UTF-8"?>
<testsuite name="frontend.BitWiseTests" tests="3" skipped="0" failures="0" errors="0" timestamp="2021-03-19T15:28:21" hostname="Hos-MacBook-Pro" time="0.007">
  <properties/>
  <testcase name="invalidSemanticExtensionBitwiseTests" classname="frontend.BitWiseTests" time="0.002"/>
  <testcase name="validExtensionBitwiseTest" classname="frontend.BitWiseTests" time="0.004"/>
  <testcase name="invalidSyntaxExtensionBitwiseTest" classname="frontend.BitWiseTests" time="0.001"/>
  <system-out><![CDATA[]]></system-out>
  <system-err><![CDATA[]]></system-err>
</testsuite>
