<?xml version="1.0" encoding="UTF-8"?>
<testsuite name="frontend.InvalidSyntaxTests" tests="10" skipped="0" failures="0" errors="0" timestamp="2021-03-19T15:28:21" hostname="Hos-MacBook-Pro" time="0.147">
  <properties/>
  <testcase name="invalidSyntaxIfTest" classname="frontend.InvalidSyntaxTests" time="0.089"/>
  <testcase name="invalidSyntaxExprTest" classname="frontend.InvalidSyntaxTests" time="0.006"/>
  <testcase name="invalidSyntaxVariablesTest" classname="frontend.InvalidSyntaxTests" time="0.009"/>
  <testcase name="invalidSyntaxFunctionTest" classname="frontend.InvalidSyntaxTests" time="0.022"/>
  <testcase name="invalidSyntaxWhileTest" classname="frontend.InvalidSyntaxTests" time="0.004"/>
  <testcase name="invalidSyntaxPrintTest" classname="frontend.InvalidSyntaxTests" time="0.001"/>
  <testcase name="invalidSyntaxBasicTest" classname="frontend.InvalidSyntaxTests" time="0.008"/>
  <testcase name="invalidSyntaxArrayTest" classname="frontend.InvalidSyntaxTests" time="0.001"/>
  <testcase name="invalidSyntaxPairsTest" classname="frontend.InvalidSyntaxTests" time="0.003"/>
  <testcase name="invalidSyntaxSequenceTest" classname="frontend.InvalidSyntaxTests" time="0.003"/>
  <system-out><![CDATA[]]></system-out>
  <system-err><![CDATA[]]></system-err>
</testsuite>
