<?xml version="1.0" encoding="UTF-8"?>
<testsuite name="frontend.FullPairTypeTests" tests="2" skipped="0" failures="0" errors="0" timestamp="2021-03-19T15:28:22" hostname="Hos-MacBook-Pro" time="0.001">
  <properties/>
  <testcase name="validSimplePair" classname="frontend.FullPairTypeTests" time="0.001"/>
  <testcase name="validNestedPair" classname="frontend.FullPairTypeTests" time="0.0"/>
  <system-out><![CDATA[]]></system-out>
  <system-err><![CDATA[]]></system-err>
</testsuite>
