<?xml version="1.0" encoding="UTF-8"?>
<testsuite name="frontend.ValidTests" tests="15" skipped="0" failures="0" errors="0" timestamp="2021-03-19T15:28:21" hostname="Hos-MacBook-Pro" time="0.124">
  <properties/>
  <testcase name="validIOTest" classname="frontend.ValidTests" time="0.002"/>
  <testcase name="validIfTest" classname="frontend.ValidTests" time="0.008"/>
  <testcase name="validSequenceTest" classname="frontend.ValidTests" time="0.006"/>
  <testcase name="validAdvancedTests" classname="frontend.ValidTests" time="0.027"/>
  <testcase name="validBasicExitTests" classname="frontend.ValidTests" time="0.003"/>
  <testcase name="validExprTests" classname="frontend.ValidTests" time="0.027"/>
  <testcase name="validVariablesTest" classname="frontend.ValidTests" time="0.009"/>
  <testcase name="validArrayTests" classname="frontend.ValidTests" time="0.005"/>
  <testcase name="validScopeTest" classname="frontend.ValidTests" time="0.007"/>
  <testcase name="validWhileTest" classname="frontend.ValidTests" time="0.007"/>
  <testcase name="validSimpleFuncTest" classname="frontend.ValidTests" time="0.007"/>
  <testcase name="validPairsTest" classname="frontend.ValidTests" time="0.007"/>
  <testcase name="validNestedFuncTest" classname="frontend.ValidTests" time="0.006"/>
  <testcase name="validRuntimeErrTest" classname="frontend.ValidTests" time="0.0"/>
  <testcase name="validBasicSkipTests" classname="frontend.ValidTests" time="0.002"/>
  <system-out><![CDATA[]]></system-out>
  <system-err><![CDATA[]]></system-err>
</testsuite>
