<?xml version="1.0" encoding="UTF-8"?>
<testsuite name="frontend.InvalidSemanticTests" tests="12" skipped="0" failures="0" errors="0" timestamp="2021-03-19T15:28:21" hostname="Hos-MacBook-Pro" time="0.039">
  <properties/>
  <testcase name="invalidSemanticExitTests" classname="frontend.InvalidSemanticTests" time="0.002"/>
  <testcase name="invalidSemanticIfTests" classname="frontend.InvalidSemanticTests" time="0.001"/>
  <testcase name="invalidSemanticReadTests" classname="frontend.InvalidSemanticTests" time="0.002"/>
  <testcase name="invalidSemanticVariablesTests" classname="frontend.InvalidSemanticTests" time="0.009"/>
  <testcase name="invalidSemanticWhileTests" classname="frontend.InvalidSemanticTests" time="0.002"/>
  <testcase name="invalidSemanticFunctionTests" classname="frontend.InvalidSemanticTests" time="0.006"/>
  <testcase name="invalidSemanticExprTests" classname="frontend.InvalidSemanticTests" time="0.007"/>
  <testcase name="invalidSemanticScopeTests" classname="frontend.InvalidSemanticTests" time="0.001"/>
  <testcase name="invalidSemanticMultipleTests" classname="frontend.InvalidSemanticTests" time="0.004"/>
  <testcase name="invalidSemanticPairsTests" classname="frontend.InvalidSemanticTests" time="0.002"/>
  <testcase name="invalidSemanticPrintTests" classname="frontend.InvalidSemanticTests" time="0.002"/>
  <testcase name="invalidSemanticIOTests" classname="frontend.InvalidSemanticTests" time="0.001"/>
  <system-out><![CDATA[]]></system-out>
  <system-err><![CDATA[]]></system-err>
</testsuite>
